<?xml version="1.0" encoding="UTF-8"?>
<testng-results skipped="0" failed="0" total="4" passed="4">
  <reporter-output>
  </reporter-output>
  <suite name="test.T1Test" duration-ms="26107" started-at="2015-05-10T04:42:16Z" finished-at="2015-05-10T04:42:42Z">
    <groups>
    </groups>
    <test name="Command line test" duration-ms="26107" started-at="2015-05-10T04:42:16Z" finished-at="2015-05-10T04:42:42Z">
      <class name="test.T1Test">
        <test-method status="PASS" signature="startBrowser()[pri:0, instance:test.T1Test@1ebec15]" name="startBrowser" duration-ms="14531" started-at="2015-05-10T00:42:16Z" finished-at="2015-05-10T00:42:31Z">
          <reporter-output>
          </reporter-output>
        </test-method> <!-- startBrowser -->
        <test-method status="PASS" signature="startBrowser()[pri:0, instance:test.T1Test@1ebec15]" name="startBrowser" duration-ms="14516" started-at="2015-05-10T00:42:16Z" finished-at="2015-05-10T00:42:31Z">
          <reporter-output>
          </reporter-output>
        </test-method> <!-- startBrowser -->
        <test-method status="PASS" signature="startBrowser()[pri:0, instance:test.T1Test@1ebec15]" name="startBrowser" duration-ms="11544" started-at="2015-05-10T00:42:31Z" finished-at="2015-05-10T00:42:42Z">
          <reporter-output>
          </reporter-output>
        </test-method> <!-- startBrowser -->
        <test-method status="PASS" signature="startBrowser()[pri:0, instance:test.T1Test@1ebec15]" name="startBrowser" duration-ms="11560" started-at="2015-05-10T00:42:31Z" finished-at="2015-05-10T00:42:42Z">
          <reporter-output>
          </reporter-output>
        </test-method> <!-- startBrowser -->
      </class> <!-- test.T1Test -->
    </test> <!-- Command line test -->
  </suite> <!-- test.T1Test -->
</testng-results>
