<?xml version="1.0" encoding="UTF-8"?>
<testng-results skipped="0" failed="0" total="3" passed="3">
  <reporter-output>
  </reporter-output>
  <suite name="Default suite" duration-ms="22311" started-at="2015-05-10T01:51:01Z" finished-at="2015-05-10T01:51:23Z">
    <groups>
    </groups>
    <test name="Default test" duration-ms="22311" started-at="2015-05-10T01:51:01Z" finished-at="2015-05-10T01:51:23Z">
      <class name="Test1.t1">
        <test-method status="PASS" signature="startBrowser()[pri:0, instance:Test1.t1@34340fab]" name="startBrowser" duration-ms="13344" started-at="2015-05-09T21:51:01Z" finished-at="2015-05-09T21:51:14Z">
          <reporter-output>
          </reporter-output>
        </test-method> <!-- startBrowser -->
        <test-method status="PASS" signature="startBrowser()[pri:0, instance:Test1.t1@34340fab]" name="startBrowser" duration-ms="13168" started-at="2015-05-09T21:51:01Z" finished-at="2015-05-09T21:51:14Z">
          <reporter-output>
          </reporter-output>
        </test-method> <!-- startBrowser -->
        <test-method status="PASS" signature="startBrowser()[pri:0, instance:Test1.t1@34340fab]" name="startBrowser" duration-ms="9113" started-at="2015-05-09T21:51:14Z" finished-at="2015-05-09T21:51:23Z">
          <reporter-output>
          </reporter-output>
        </test-method> <!-- startBrowser -->
      </class> <!-- Test1.t1 -->
    </test> <!-- Default test -->
  </suite> <!-- Default suite -->
</testng-results>
